<?xml version="1.0" encoding="UTF-8"?>
<testsuite name="org.example.SequencePartitionTest" tests="1" skipped="0" failures="0" errors="0" timestamp="2023-06-24T12:52:18" hostname="ADC-MB30098" time="0.01">
  <properties/>
  <testcase name="checkTransformSequenceABC()" classname="org.example.SequencePartitionTest" time="0.01"/>
  <system-out><![CDATA[
]]></system-out>
  <system-err><![CDATA[]]></system-err>
</testsuite>
